{"name": "Попытка создания заказа без авторизации", "status": "failed", "statusDetails": {"message": "AssertionError: assert (200 == 401)\n +  where 200 = <Response [200]>.status_code", "trace": "self = <tests.test_create_order.TestCreateOrder object at 0x10405fa00>\n\n    @allure.title('Попытка создания заказа без авторизации')\n    def test_create_order_without_auth(self):\n        order_payload = PayloadBuilder.make_create_order_payload([\"61c0c5a71d1f82001bdaaa6d\"])\n        response = ApiService.create_order(order_payload, token='')\n>       assert (response.status_code == 401\n                and response.json() == ExpectedResponses.GET_USER_ORDERS_UNAUTHORIZED_RESPONSE)\nE       assert (200 == 401)\nE        +  where 200 = <Response [200]>.status_code\n\ntests/test_create_order.py:24: AssertionError"}, "steps": [{"name": "Создать заказ payload = {'ingredients': ['61c0c5a71d1f82001bdaaa6d']}", "status": "passed", "parameters": [{"name": "payload", "value": "{'ingredients': ['61c0c5a71d1f82001bdaaa6d']}"}, {"name": "token", "value": "''"}], "start": 1730321806908, "stop": 1730321807214}], "start": 1730321806908, "stop": 1730321807215, "uuid": "a1f481d8-6c52-494b-b1eb-9ff5c138b213", "historyId": "31626b131e085db93d76c3e2763e1288", "testCaseId": "31626b131e085db93d76c3e2763e1288", "fullName": "tests.test_create_order.TestCreateOrder#test_create_order_without_auth", "labels": [{"name": "parentSuite", "value": "tests"}, {"name": "suite", "value": "test_create_order"}, {"name": "subSuite", "value": "TestCreateOrder"}, {"name": "host", "value": "Veras-MacBook-Pro.local"}, {"name": "thread", "value": "34066-MainThread"}, {"name": "framework", "value": "pytest"}, {"name": "language", "value": "cpython3"}, {"name": "package", "value": "tests.test_create_order"}]}